<?xml version="1.0" encoding="UTF-8"?>
<!-- Generated by org.testng.reporters.JUnitReportReporter -->
<testsuite skipped="0" hostname="W57" name="DemoPack.DemoProject.TC_001" tests="1" failures="0" timestamp="09 Aug 2018 04:01:11 GMT" time="12.189" errors="0">
  <testcase name="customerRegistration" time="12.189" classname="DemoPack.DemoProject.TC_001"/>
</testsuite> <!-- DemoPack.DemoProject.TC_001 -->
